2005-10-13 14:43:38,199 - ResourceManager : found sql/base/mysql/unique.vm with loader org.apache.velocity.runtime.resource.loader.ClasspathResourceLoader
2005-10-13 14:43:38,199 - ResourceManager : found sql/base/mysql/index.vm with loader org.apache.velocity.runtime.resource.loader.ClasspathResourceLoader
2005-10-13 14:43:38,199 - ResourceManager : found sql/base/mysql/table.vm with loader org.apache.velocity.runtime.resource.loader.ClasspathResourceLoader
2005-10-13 14:43:38,199 - ResourceManager : found sql/base/mysql/drop.vm with loader org.apache.velocity.runtime.resource.loader.ClasspathResourceLoader
2005-10-13 14:43:38,199 - ResourceManager : found sql/base/mysql/columns.vm with loader org.apache.velocity.runtime.resource.loader.ClasspathResourceLoader
2005-10-13 14:43:38,199 - ResourceManager : found sql/base/mysql/primarykey.vm with loader org.apache.velocity.runtime.resource.loader.ClasspathResourceLoader
2005-10-13 14:43:38,199 - ResourceManager : found sql/base/mysql/foreignkey.vm with loader org.apache.velocity.runtime.resource.loader.ClasspathResourceLoader
2005-10-13 14:43:38,209 - ResourceManager : found sql/base/mysql/unique.vm with loader org.apache.velocity.runtime.resource.loader.ClasspathResourceLoader
2005-10-13 14:43:38,209 - ResourceManager : found sql/base/mysql/index.vm with loader org.apache.velocity.runtime.resource.loader.ClasspathResourceLoader
2005-10-13 14:43:38,209 - ResourceManager : found sql/base/mysql/table.vm with loader org.apache.velocity.runtime.resource.loader.ClasspathResourceLoader
2005-10-13 14:43:38,209 - ResourceManager : found sql/base/mysql/drop.vm with loader org.apache.velocity.runtime.resource.loader.ClasspathResourceLoader
2005-10-13 14:43:38,209 - ResourceManager : found sql/base/mysql/columns.vm with loader org.apache.velocity.runtime.resource.loader.ClasspathResourceLoader
2005-10-13 14:43:38,209 - ResourceManager : found sql/base/mysql/primarykey.vm with loader org.apache.velocity.runtime.resource.loader.ClasspathResourceLoader
2005-10-13 14:43:38,209 - ResourceManager : found sql/base/mysql/foreignkey.vm with loader org.apache.velocity.runtime.resource.loader.ClasspathResourceLoader
2005-10-13 14:43:38,209 - ResourceManager : found sql/base/mysql/unique.vm with loader org.apache.velocity.runtime.resource.loader.ClasspathResourceLoader
2005-10-13 14:43:38,209 - ResourceManager : found sql/base/mysql/index.vm with loader org.apache.velocity.runtime.resource.loader.ClasspathResourceLoader
2005-10-13 14:43:38,209 - ResourceManager : found sql/base/mysql/table.vm with loader org.apache.velocity.runtime.resource.loader.ClasspathResourceLoader
2005-10-13 14:43:38,219 - ResourceManager : found sql/base/mysql/drop.vm with loader org.apache.velocity.runtime.resource.loader.ClasspathResourceLoader
2005-10-13 14:43:38,219 - ResourceManager : found sql/base/mysql/columns.vm with loader org.apache.velocity.runtime.resource.loader.ClasspathResourceLoader
2005-10-13 14:43:38,219 - ResourceManager : found sql/base/mysql/primarykey.vm with loader org.apache.velocity.runtime.resource.loader.ClasspathResourceLoader
2005-10-13 14:43:38,219 - ResourceManager : found sql/base/mysql/foreignkey.vm with loader org.apache.velocity.runtime.resource.loader.ClasspathResourceLoader
2005-10-13 14:43:38,219 - ResourceManager : found sql/base/mysql/unique.vm with loader org.apache.velocity.runtime.resource.loader.ClasspathResourceLoader
2005-10-13 14:43:38,219 - ResourceManager : found sql/base/mysql/index.vm with loader org.apache.velocity.runtime.resource.loader.ClasspathResourceLoader
2005-10-13 14:43:38,219 - ResourceManager : found sql/base/mysql/table.vm with loader org.apache.velocity.runtime.resource.loader.ClasspathResourceLoader
2005-10-13 14:43:38,219 - ResourceManager : found sql/base/mysql/drop.vm with loader org.apache.velocity.runtime.resource.loader.ClasspathResourceLoader
2005-10-13 14:43:38,219 - ResourceManager : found sql/base/mysql/columns.vm with loader org.apache.velocity.runtime.resource.loader.ClasspathResourceLoader
2005-10-13 14:43:38,219 - ResourceManager : found sql/base/mysql/primarykey.vm with loader org.apache.velocity.runtime.resource.loader.ClasspathResourceLoader
2005-10-13 14:43:38,219 - ResourceManager : found sql/base/mysql/foreignkey.vm with loader org.apache.velocity.runtime.resource.loader.ClasspathResourceLoader
2005-10-13 14:43:38,229 - ResourceManager : found sql/base/mysql/unique.vm with loader org.apache.velocity.runtime.resource.loader.ClasspathResourceLoader
2005-10-13 14:43:38,229 - ResourceManager : found sql/base/mysql/index.vm with loader org.apache.velocity.runtime.resource.loader.ClasspathResourceLoader
2005-10-13 14:43:38,229 - ResourceManager : found sql/base/mysql/tablefk.vm with loader org.apache.velocity.runtime.resource.loader.ClasspathResourceLoader
2005-10-13 14:43:38,229 - ResourceManager : found sql/base/mysql/tablefk.vm with loader org.apache.velocity.runtime.resource.loader.ClasspathResourceLoader
2005-10-13 14:43:38,229 - ResourceManager : found sql/base/mysql/tablefk.vm with loader org.apache.velocity.runtime.resource.loader.ClasspathResourceLoader
2005-10-13 14:43:38,229 - ResourceManager : found sql/base/mysql/tablefk.vm with loader org.apache.velocity.runtime.resource.loader.ClasspathResourceLoader
2005-10-13 14:43:38,229 - ResourceManager : found sql/base/mysql/tablefk.vm with loader org.apache.velocity.runtime.resource.loader.ClasspathResourceLoader
2005-10-13 14:43:38,229 - ResourceManager : found sql/base/mysql/tablefk.vm with loader org.apache.velocity.runtime.resource.loader.ClasspathResourceLoader
2005-10-13 14:43:38,229 - ResourceManager : found sql/base/mysql/tablefk.vm with loader org.apache.velocity.runtime.resource.loader.ClasspathResourceLoader
2005-10-13 14:43:38,229 - ResourceManager : found sql/base/mysql/tablefk.vm with loader org.apache.velocity.runtime.resource.loader.ClasspathResourceLoader
2005-10-13 14:43:38,229 - ResourceManager : found sql/base/mysql/tablefk.vm with loader org.apache.velocity.runtime.resource.loader.ClasspathResourceLoader
2005-10-13 14:43:38,229 - ResourceManager : found sql/base/mysql/tablefk.vm with loader org.apache.velocity.runtime.resource.loader.ClasspathResourceLoader
2005-10-13 14:43:38,229 - ResourceManager : found sql/base/mysql/tablefk.vm with loader org.apache.velocity.runtime.resource.loader.ClasspathResourceLoader
2005-10-13 14:43:38,229 - ResourceManager : found sql/base/mysql/tablefk.vm with loader org.apache.velocity.runtime.resource.loader.ClasspathResourceLoader
2005-10-13 14:43:38,229 - ResourceManager : found sql/base/mysql/tablefk.vm with loader org.apache.velocity.runtime.resource.loader.ClasspathResourceLoader
2005-10-13 14:43:38,239 - ResourceManager : found sql/base/mysql/tablefk.vm with loader org.apache.velocity.runtime.resource.loader.ClasspathResourceLoader
2005-10-13 14:43:38,239 - ResourceManager : found sql/base/mysql/tablefk.vm with loader org.apache.velocity.runtime.resource.loader.ClasspathResourceLoader
2005-10-13 14:43:38,239 - ResourceManager : found sql/base/mysql/tablefk.vm with loader org.apache.velocity.runtime.resource.loader.ClasspathResourceLoader
2005-10-13 14:43:38,239 - ResourceManager : found sql/base/mysql/table.vm with loader org.apache.velocity.runtime.resource.loader.ClasspathResourceLoader
2005-10-13 14:43:38,239 - ResourceManager : found sql/base/mysql/drop.vm with loader org.apache.velocity.runtime.resource.loader.ClasspathResourceLoader
2005-10-13 14:43:38,239 - ResourceManager : found sql/base/mysql/columns.vm with loader org.apache.velocity.runtime.resource.loader.ClasspathResourceLoader
2005-10-13 14:43:38,239 - ResourceManager : found sql/base/mysql/primarykey.vm with loader org.apache.velocity.runtime.resource.loader.ClasspathResourceLoader
2005-10-13 14:43:38,239 - ResourceManager : found sql/base/mysql/foreignkey.vm with loader org.apache.velocity.runtime.resource.loader.ClasspathResourceLoader
2005-10-13 14:43:38,239 - ResourceManager : found sql/base/mysql/unique.vm with loader org.apache.velocity.runtime.resource.loader.ClasspathResourceLoader
2005-10-13 14:43:38,239 - ResourceManager : found sql/base/mysql/index.vm with loader org.apache.velocity.runtime.resource.loader.ClasspathResourceLoader
2005-10-13 14:43:38,249 - ResourceManager : found sql/base/mysql/table.vm with loader org.apache.velocity.runtime.resource.loader.ClasspathResourceLoader
2005-10-13 14:43:38,249 - ResourceManager : found sql/base/mysql/drop.vm with loader org.apache.velocity.runtime.resource.loader.ClasspathResourceLoader
2005-10-13 14:43:38,249 - ResourceManager : found sql/base/mysql/columns.vm with loader org.apache.velocity.runtime.resource.loader.ClasspathResourceLoader
2005-10-13 14:43:38,249 - ResourceManager : found sql/base/mysql/primarykey.vm with loader org.apache.velocity.runtime.resource.loader.ClasspathResourceLoader
2005-10-13 14:43:38,249 - ResourceManager : found sql/base/mysql/foreignkey.vm with loader org.apache.velocity.runtime.resource.loader.ClasspathResourceLoader
2005-10-13 14:43:38,249 - ResourceManager : found sql/base/mysql/unique.vm with loader org.apache.velocity.runtime.resource.loader.ClasspathResourceLoader
2005-10-13 14:43:38,249 - ResourceManager : found sql/base/mysql/index.vm with loader org.apache.velocity.runtime.resource.loader.ClasspathResourceLoader
2005-10-13 14:43:38,249 - ResourceManager : found sql/base/mysql/table.vm with loader org.apache.velocity.runtime.resource.loader.ClasspathResourceLoader
2005-10-13 14:43:38,259 - ResourceManager : found sql/base/mysql/drop.vm with loader org.apache.velocity.runtime.resource.loader.ClasspathResourceLoader
2005-10-13 14:43:38,259 - ResourceManager : found sql/base/mysql/columns.vm with loader org.apache.velocity.runtime.resource.loader.ClasspathResourceLoader
2005-10-13 14:43:38,259 - ResourceManager : found sql/base/mysql/primarykey.vm with loader org.apache.velocity.runtime.resource.loader.ClasspathResourceLoader
2005-10-13 14:43:38,259 - ResourceManager : found sql/base/mysql/foreignkey.vm with loader org.apache.velocity.runtime.resource.loader.ClasspathResourceLoader
2005-10-13 14:43:38,259 - ResourceManager : found sql/base/mysql/unique.vm with loader org.apache.velocity.runtime.resource.loader.ClasspathResourceLoader
2005-10-13 14:43:38,259 - ResourceManager : found sql/base/mysql/index.vm with loader org.apache.velocity.runtime.resource.loader.ClasspathResourceLoader
2005-10-13 14:43:38,259 - ResourceManager : found sql/base/mysql/table.vm with loader org.apache.velocity.runtime.resource.loader.ClasspathResourceLoader
2005-10-13 14:43:38,259 - ResourceManager : found sql/base/mysql/drop.vm with loader org.apache.velocity.runtime.resource.loader.ClasspathResourceLoader
2005-10-13 14:43:38,259 - ResourceManager : found sql/base/mysql/columns.vm with loader org.apache.velocity.runtime.resource.loader.ClasspathResourceLoader
2005-10-13 14:43:38,259 - ResourceManager : found sql/base/mysql/primarykey.vm with loader org.apache.velocity.runtime.resource.loader.ClasspathResourceLoader
2005-10-13 14:43:38,269 - ResourceManager : found sql/base/mysql/foreignkey.vm with loader org.apache.velocity.runtime.resource.loader.ClasspathResourceLoader
2005-10-13 14:43:38,269 - ResourceManager : found sql/base/mysql/unique.vm with loader org.apache.velocity.runtime.resource.loader.ClasspathResourceLoader
2005-10-13 14:43:38,269 - ResourceManager : found sql/base/mysql/index.vm with loader org.apache.velocity.runtime.resource.loader.ClasspathResourceLoader
2005-10-13 14:43:38,269 - ResourceManager : found sql/base/mysql/table.vm with loader org.apache.velocity.runtime.resource.loader.ClasspathResourceLoader
2005-10-13 14:43:38,269 - ResourceManager : found sql/base/mysql/drop.vm with loader org.apache.velocity.runtime.resource.loader.ClasspathResourceLoader
2005-10-13 14:43:38,269 - ResourceManager : found sql/base/mysql/columns.vm with loader org.apache.velocity.runtime.resource.loader.ClasspathResourceLoader
2005-10-13 14:43:38,269 - ResourceManager : found sql/base/mysql/primarykey.vm with loader org.apache.velocity.runtime.resource.loader.ClasspathResourceLoader
2005-10-13 14:43:38,269 - ResourceManager : found sql/base/mysql/foreignkey.vm with loader org.apache.velocity.runtime.resource.loader.ClasspathResourceLoader
2005-10-13 14:43:38,269 - ResourceManager : found sql/base/mysql/unique.vm with loader org.apache.velocity.runtime.resource.loader.ClasspathResourceLoader
2005-10-13 14:43:38,269 - ResourceManager : found sql/base/mysql/index.vm with loader org.apache.velocity.runtime.resource.loader.ClasspathResourceLoader
2005-10-13 14:43:38,279 - ResourceManager : found sql/base/mysql/table.vm with loader org.apache.velocity.runtime.resource.loader.ClasspathResourceLoader
2005-10-13 14:43:38,279 - ResourceManager : found sql/base/mysql/drop.vm with loader org.apache.velocity.runtime.resource.loader.ClasspathResourceLoader
2005-10-13 14:43:38,279 - ResourceManager : found sql/base/mysql/columns.vm with loader org.apache.velocity.runtime.resource.loader.ClasspathResourceLoader
2005-10-13 14:43:38,279 - ResourceManager : found sql/base/mysql/primarykey.vm with loader org.apache.velocity.runtime.resource.loader.ClasspathResourceLoader
2005-10-13 14:43:38,279 - ResourceManager : found sql/base/mysql/foreignkey.vm with loader org.apache.velocity.runtime.resource.loader.ClasspathResourceLoader
2005-10-13 14:43:38,279 - ResourceManager : found sql/base/mysql/unique.vm with loader org.apache.velocity.runtime.resource.loader.ClasspathResourceLoader
2005-10-13 14:43:38,279 - ResourceManager : found sql/base/mysql/index.vm with loader org.apache.velocity.runtime.resource.loader.ClasspathResourceLoader
2005-10-13 14:43:38,279 - ResourceManager : found sql/base/mysql/table.vm with loader org.apache.velocity.runtime.resource.loader.ClasspathResourceLoader
2005-10-13 14:43:38,279 - ResourceManager : found sql/base/mysql/drop.vm with loader org.apache.velocity.runtime.resource.loader.ClasspathResourceLoader
2005-10-13 14:43:38,279 - ResourceManager : found sql/base/mysql/columns.vm with loader org.apache.velocity.runtime.resource.loader.ClasspathResourceLoader
2005-10-13 14:43:38,289 - ResourceManager : found sql/base/mysql/primarykey.vm with loader org.apache.velocity.runtime.resource.loader.ClasspathResourceLoader
2005-10-13 14:43:38,289 - ResourceManager : found sql/base/mysql/foreignkey.vm with loader org.apache.velocity.runtime.resource.loader.ClasspathResourceLoader
2005-10-13 14:43:38,289 - ResourceManager : found sql/base/mysql/unique.vm with loader org.apache.velocity.runtime.resource.loader.ClasspathResourceLoader
2005-10-13 14:43:38,289 - ResourceManager : found sql/base/mysql/index.vm with loader org.apache.velocity.runtime.resource.loader.ClasspathResourceLoader
2005-10-13 14:43:38,289 - ResourceManager : found sql/base/mysql/table.vm with loader org.apache.velocity.runtime.resource.loader.ClasspathResourceLoader
2005-10-13 14:43:38,289 - ResourceManager : found sql/base/mysql/drop.vm with loader org.apache.velocity.runtime.resource.loader.ClasspathResourceLoader
2005-10-13 14:43:38,289 - ResourceManager : found sql/base/mysql/columns.vm with loader org.apache.velocity.runtime.resource.loader.ClasspathResourceLoader
2005-10-13 14:43:38,289 - ResourceManager : found sql/base/mysql/primarykey.vm with loader org.apache.velocity.runtime.resource.loader.ClasspathResourceLoader
2005-10-13 14:43:38,289 - ResourceManager : found sql/base/mysql/foreignkey.vm with loader org.apache.velocity.runtime.resource.loader.ClasspathResourceLoader
2005-10-13 14:43:38,299 - ResourceManager : found sql/base/mysql/unique.vm with loader org.apache.velocity.runtime.resource.loader.ClasspathResourceLoader
2005-10-13 14:43:38,299 - ResourceManager : found sql/base/mysql/index.vm with loader org.apache.velocity.runtime.resource.loader.ClasspathResourceLoader
2005-10-13 14:43:38,299 - ResourceManager : found sql/base/mysql/table.vm with loader org.apache.velocity.runtime.resource.loader.ClasspathResourceLoader
2005-10-13 14:43:38,299 - ResourceManager : found sql/base/mysql/drop.vm with loader org.apache.velocity.runtime.resource.loader.ClasspathResourceLoader
2005-10-13 14:43:38,299 - ResourceManager : found sql/base/mysql/columns.vm with loader org.apache.velocity.runtime.resource.loader.ClasspathResourceLoader
2005-10-13 14:43:38,299 - ResourceManager : found sql/base/mysql/primarykey.vm with loader org.apache.velocity.runtime.resource.loader.ClasspathResourceLoader
2005-10-13 14:43:38,299 - ResourceManager : found sql/base/mysql/foreignkey.vm with loader org.apache.velocity.runtime.resource.loader.ClasspathResourceLoader
2005-10-13 14:43:38,299 - ResourceManager : found sql/base/mysql/unique.vm with loader org.apache.velocity.runtime.resource.loader.ClasspathResourceLoader
2005-10-13 14:43:38,309 - ResourceManager : found sql/base/mysql/index.vm with loader org.apache.velocity.runtime.resource.loader.ClasspathResourceLoader
2005-10-13 14:43:38,309 - ResourceManager : found sql/base/mysql/table.vm with loader org.apache.velocity.runtime.resource.loader.ClasspathResourceLoader
2005-10-13 14:43:38,309 - ResourceManager : found sql/base/mysql/drop.vm with loader org.apache.velocity.runtime.resource.loader.ClasspathResourceLoader
2005-10-13 14:43:38,309 - ResourceManager : found sql/base/mysql/columns.vm with loader org.apache.velocity.runtime.resource.loader.ClasspathResourceLoader
2005-10-13 14:43:38,309 - ResourceManager : found sql/base/mysql/primarykey.vm with loader org.apache.velocity.runtime.resource.loader.ClasspathResourceLoader
2005-10-13 14:43:38,309 - ResourceManager : found sql/base/mysql/foreignkey.vm with loader org.apache.velocity.runtime.resource.loader.ClasspathResourceLoader
2005-10-13 14:43:38,309 - ResourceManager : found sql/base/mysql/unique.vm with loader org.apache.velocity.runtime.resource.loader.ClasspathResourceLoader
2005-10-13 14:43:38,309 - ResourceManager : found sql/base/mysql/index.vm with loader org.apache.velocity.runtime.resource.loader.ClasspathResourceLoader
2005-10-13 14:43:38,400 - ResourceManager : found sql/base/mysql/table.vm with loader org.apache.velocity.runtime.resource.loader.ClasspathResourceLoader
2005-10-13 14:43:38,400 - ResourceManager : found sql/base/mysql/drop.vm with loader org.apache.velocity.runtime.resource.loader.ClasspathResourceLoader
2005-10-13 14:43:38,400 - ResourceManager : found sql/base/mysql/columns.vm with loader org.apache.velocity.runtime.resource.loader.ClasspathResourceLoader
2005-10-13 14:43:38,400 - ResourceManager : found sql/base/mysql/primarykey.vm with loader org.apache.velocity.runtime.resource.loader.ClasspathResourceLoader
2005-10-13 14:43:38,400 - ResourceManager : found sql/base/mysql/foreignkey.vm with loader org.apache.velocity.runtime.resource.loader.ClasspathResourceLoader
2005-10-13 14:43:38,400 - ResourceManager : found sql/base/mysql/unique.vm with loader org.apache.velocity.runtime.resource.loader.ClasspathResourceLoader
2005-10-13 14:43:38,400 - ResourceManager : found sql/base/mysql/index.vm with loader org.apache.velocity.runtime.resource.loader.ClasspathResourceLoader
2005-10-13 14:43:38,400 - ResourceManager : found sql/base/mysql/tablefk.vm with loader org.apache.velocity.runtime.resource.loader.ClasspathResourceLoader
2005-10-13 14:43:38,400 - ResourceManager : found sql/base/mysql/tablefk.vm with loader org.apache.velocity.runtime.resource.loader.ClasspathResourceLoader
2005-10-13 14:43:38,400 - ResourceManager : found sql/base/mysql/tablefk.vm with loader org.apache.velocity.runtime.resource.loader.ClasspathResourceLoader
2005-10-13 14:43:38,400 - ResourceManager : found sql/base/mysql/tablefk.vm with loader org.apache.velocity.runtime.resource.loader.ClasspathResourceLoader
2005-10-13 14:43:38,400 - ResourceManager : found sql/base/mysql/tablefk.vm with loader org.apache.velocity.runtime.resource.loader.ClasspathResourceLoader
2005-10-13 14:43:38,400 - ResourceManager : found sql/base/mysql/tablefk.vm with loader org.apache.velocity.runtime.resource.loader.ClasspathResourceLoader
2005-10-13 14:43:38,400 - ResourceManager : found sql/base/mysql/tablefk.vm with loader org.apache.velocity.runtime.resource.loader.ClasspathResourceLoader
2005-10-13 14:43:38,410 - ResourceManager : found sql/base/mysql/tablefk.vm with loader org.apache.velocity.runtime.resource.loader.ClasspathResourceLoader
2005-10-13 14:43:38,410 - ResourceManager : found sql/base/mysql/tablefk.vm with loader org.apache.velocity.runtime.resource.loader.ClasspathResourceLoader
2005-10-13 14:43:38,410 - ResourceManager : found sql/base/mysql/tablefk.vm with loader org.apache.velocity.runtime.resource.loader.ClasspathResourceLoader
2005-10-13 14:43:38,410 - ResourceManager : found sql/base/mysql/tablefk.vm with loader org.apache.velocity.runtime.resource.loader.ClasspathResourceLoader
