2004-05-28 17:59:11,806 - SimpleLog4JLogSystem initialized using logfile 'velocity.log'
2004-05-28 17:59:11,808 - ************************************************************** 
2004-05-28 17:59:11,808 - Starting Jakarta Velocity v1.4-rc1
2004-05-28 17:59:11,808 - RuntimeInstance initializing.
2004-05-28 17:59:11,808 - Default Properties File: org/apache/velocity/runtime/defaults/velocity.properties
2004-05-28 17:59:11,808 - Trying to use logger class org.apache.velocity.runtime.log.AvalonLogSystem
2004-05-28 17:59:11,808 - Couldn't find class org.apache.velocity.runtime.log.AvalonLogSystem or necessary supporting classes in classpath. Exception : java.lang.NoClassDefFoundError: org/apache/log/format/Formatter
2004-05-28 17:59:11,808 - Trying to use logger class org.apache.velocity.runtime.log.SimpleLog4JLogSystem
2004-05-28 17:59:11,808 - Using logger class org.apache.velocity.runtime.log.SimpleLog4JLogSystem
2004-05-28 17:59:11,813 - Default ResourceManager initializing. (class org.apache.velocity.runtime.resource.ResourceManagerImpl)
2004-05-28 17:59:11,818 - Resource Loader Instantiated: org.apache.velocity.runtime.resource.loader.FileResourceLoader
2004-05-28 17:59:11,818 - FileResourceLoader : initialization starting.
2004-05-28 17:59:11,818 - FileResourceLoader : adding path '.'
2004-05-28 17:59:11,818 - FileResourceLoader : initialization complete.
2004-05-28 17:59:11,820 - ResourceCache : initialized. (class org.apache.velocity.runtime.resource.ResourceCacheImpl)
2004-05-28 17:59:11,821 - Default ResourceManager initialization complete.
2004-05-28 17:59:11,822 - Loaded System Directive: org.apache.velocity.runtime.directive.Literal
2004-05-28 17:59:11,825 - Loaded System Directive: org.apache.velocity.runtime.directive.Macro
2004-05-28 17:59:12,022 - Loaded System Directive: org.apache.velocity.runtime.directive.Parse
2004-05-28 17:59:12,025 - Loaded System Directive: org.apache.velocity.runtime.directive.Include
2004-05-28 17:59:12,027 - Loaded System Directive: org.apache.velocity.runtime.directive.Foreach
2004-05-28 17:59:12,099 - Created: 20 parsers.
2004-05-28 17:59:12,115 - Velocimacro : initialization starting.
2004-05-28 17:59:12,115 - Velocimacro : adding VMs from VM library template : VM_global_library.vm
2004-05-28 17:59:12,121 - ResourceManager : unable to find resource 'VM_global_library.vm' in any resource loader.
2004-05-28 17:59:12,121 - Velocimacro : error using  VM library template VM_global_library.vm : org.apache.velocity.exception.ResourceNotFoundException: Unable to find resource 'VM_global_library.vm'
2004-05-28 17:59:12,121 - Velocimacro :  VM library template macro registration complete.
2004-05-28 17:59:12,121 - Velocimacro : allowInline = true : VMs can be defined inline in templates
2004-05-28 17:59:12,122 - Velocimacro : allowInlineToOverride = false : VMs defined inline may NOT replace previous VM definitions
2004-05-28 17:59:12,122 - Velocimacro : allowInlineLocal = false : VMs defined inline will be  global in scope if allowed.
2004-05-28 17:59:12,122 - Velocimacro : messages on  : VM system will output logging messages
2004-05-28 17:59:12,122 - Velocimacro : autoload off  : VM system will not automatically reload global library macros
2004-05-28 17:59:12,122 - Velocimacro : initialization complete.
2004-05-28 17:59:12,122 - Velocity successfully started.
2004-05-28 17:59:12,167 - Warning! The iterative  is an Enumeration in the #foreach() loop at [0,0] in template JSP for me!. Because it's not resetable, if used in more than once, this may lead to unexpected results.
2004-05-28 17:59:12,182 - Warning! The iterative  is an Enumeration in the #foreach() loop at [0,0] in template JSP for me!. Because it's not resetable, if used in more than once, this may lead to unexpected results.
2004-05-28 17:59:24,772 - Warning! The iterative  is an Enumeration in the #foreach() loop at [0,0] in template JSP for me!. Because it's not resetable, if used in more than once, this may lead to unexpected results.
2004-05-28 17:59:24,773 - Warning! The iterative  is an Enumeration in the #foreach() loop at [0,0] in template JSP for me!. Because it's not resetable, if used in more than once, this may lead to unexpected results.
2004-05-28 17:59:31,770 - Warning! The iterative  is an Enumeration in the #foreach() loop at [0,0] in template JSP for me!. Because it's not resetable, if used in more than once, this may lead to unexpected results.
2004-05-28 17:59:31,771 - Warning! The iterative  is an Enumeration in the #foreach() loop at [0,0] in template JSP for me!. Because it's not resetable, if used in more than once, this may lead to unexpected results.
